2022/10/08 20:53:43
System.Reflection.TargetInvocationException: Exception has been thrown by the target of an invocation. ---> System.Threading.ThreadAbortException: Thread was being aborted.
   at System.Configuration.BaseConfigurationRecord.Init(IInternalConfigRoot configRoot, BaseConfigurationRecord parent, String configPath, String locationSubPath)
   at System.Configuration.RuntimeConfigurationRecord.Create(InternalConfigRoot configRoot, IInternalConfigRecord parent, String configPath)
   at System.Configuration.Internal.InternalConfigRoot.GetConfigRecord(String configPath)
   at System.Configuration.Internal.InternalConfigRoot.GetUniqueConfigRecord(String configPath)
   at System.Web.Configuration.HttpConfigurationSystem.GetUniqueConfigRecord(String configPath)
   at System.Web.CachedPathData.Init(CachedPathData parentData)
   at System.Web.CachedPathData.GetConfigPathData(String configPath)
   at System.Web.CachedPathData.GetConfigPathData(String configPath)
   at System.Web.Configuration.HttpConfigurationSystem.GetApplicationSection(String sectionName)
   at System.Configuration.ConfigurationManager.GetSection(String sectionName)
   at System.Configuration.ConfigurationManager.get_ConnectionStrings()
   at WebHome.Models.DataEntity.MessageCenterDataContext..ctor() in C:\Project\HomeNet\MessageCenter\MasterWeb\Models\DataEntity\MessageCenter.designer.cs:line 75
   at System.RuntimeType.CreateInstanceDefaultCtor(Boolean publicOnly, Boolean skipCheckThis, Boolean fillCache, StackCrawlMark& stackMark)
   --- End of inner exception stack trace ---
   at System.RuntimeType.CreateInstanceDefaultCtor(Boolean publicOnly, Boolean skipCheckThis, Boolean fillCache, StackCrawlMark& stackMark)
   at System.Activator.CreateInstance[T]()
   at CommonLib.DataAccess.GenericManager`1..ctor() in C:\Project\HomeNet\MessageCenter\CommonLib\DataAccess\GenericManager.cs:line 109
   at CommonLib.DataAccess.GenericManager`2..ctor() in C:\Project\HomeNet\MessageCenter\CommonLib\DataAccess\GenericManager.cs:line 26
   at WebHome.Models.DataEntity.ModelSource`1..ctor() in C:\Project\HomeNet\MessageCenter\MasterWeb\Models\DataEntity\ModelSource.cs:line 18
   at WebHome.Helper.Jobs.DeviceEventDispatcher.checkDeviceEvent() in C:\Project\HomeNet\MessageCenter\MasterWeb\Helper\Jobs\DeviceEventDispatcher.cs:line 57
   at WebHome.Helper.Jobs.DeviceEventDispatcher.DoJob() in C:\Project\HomeNet\MessageCenter\MasterWeb\Helper\Jobs\DeviceEventDispatcher.cs:line 35
2022/10/08 20:53:43
System.Threading.ThreadAbortException: Thread was being aborted.
   at WebHome.Helper.Jobs.DeviceEventDispatcher.DoJob() in C:\Project\HomeNet\MessageCenter\MasterWeb\Helper\Jobs\DeviceEventDispatcher.cs:line 36
   at CommonLib.Helper.JobScheduler.doJob(JobItem item, Boolean nextSchedule) in C:\Project\HomeNet\MessageCenter\CommonLib\Helper\JobScheduler.cs:line 104
   at CommonLib.Helper.JobScheduler.run(Object state) in C:\Project\HomeNet\MessageCenter\CommonLib\Helper\JobScheduler.cs:line 69
