2017/04/14 09:51:55
System.Web.HttpException (0x80004005): 執行處理常式 'System.Web.Mvc.HttpHandlerUtil+ServerExecuteHttpHandlerWrapper' 的子要求時發生錯誤。 ---> System.Web.HttpUnhandledException (0x80004005): 已發生類型 'System.Web.HttpUnhandledException' 的例外狀況。 ---> MySql.Data.MySqlClient.MySqlException (0x80004005): Unable to connect to any of the specified MySQL hosts.
   於 MySql.Data.MySqlClient.NativeDriver.Open()
   於 MySql.Data.MySqlClient.Driver.Open()
   於 MySql.Data.MySqlClient.Driver.Create(MySqlConnectionStringBuilder settings)
   於 MySql.Data.MySqlClient.MySqlPool.GetPooledConnection()
   於 MySql.Data.MySqlClient.MySqlPool.TryToGetDriver()
   於 MySql.Data.MySqlClient.MySqlPool.GetConnection()
   於 MySql.Data.MySqlClient.MySqlConnection.Open()
   於 LinqToDB.Data.DataConnection.get_Connection() 於 c:\projects\linq2db\Source\Data\DataConnection.cs: 行 526
   於 LinqToDB.Data.DataConnection.CreateCommand() 於 c:\projects\linq2db\Source\Data\DataConnection.cs: 行 594
   於 LinqToDB.Data.DataConnection.get_Command() 於 c:\projects\linq2db\Source\Data\DataConnection.cs: 行 588
   於 LinqToDB.Data.DataConnection.AddParameter(ICollection`1 parms, String name, SqlParameter parm) 於 c:\projects\linq2db\Source\Data\DataConnection.Linq.cs: 行 142
   於 LinqToDB.Data.DataConnection.GetParameters(IQueryContext query, PreparedQuery pq) 於 c:\projects\linq2db\Source\Data\DataConnection.Linq.cs: 行 133
   於 LinqToDB.Data.DataConnection.LinqToDB.IDataContext.SetQuery(IQueryContext queryContext) 於 c:\projects\linq2db\Source\Data\DataConnection.Linq.cs: 行 356
   於 LinqToDB.Linq.Query`1.SetCommand(IDataContext dataContext, Expression expr, Object[] parameters, Int32 idx, Boolean clearQueryHints) 於 c:\projects\linq2db\Source\Linq\Query.cs: 行 402
   於 LinqToDB.Linq.Query`1.<RunQuery>d__11.MoveNext() 於 c:\projects\linq2db\Source\Linq\Query.cs: 行 369
   於 LinqToDB.Linq.Query`1.<Map>d__6a.MoveNext() 於 c:\projects\linq2db\Source\Linq\Query.cs: 行 1180
   於 System.Linq.Enumerable.FirstOrDefault[TSource](IEnumerable`1 source)
   於 LinqToDB.Linq.Builder.FirstSingleBuilder.FirstSingleContext.<>c__DisplayClass12`1.<BuildQuery>b__b(QueryContext ctx, IDataContextInfo db, Expression expr, Object[] ps) 於 c:\projects\linq2db\Source\Linq\Builder\FirstSingleBuilder.cs: 行 103
   於 LinqToDB.Linq.ExpressionQuery`1.System.Linq.IQueryProvider.Execute[TResult](Expression expression) 於 c:\projects\linq2db\Source\Linq\ExpressionQuery.cs: 行 142
   於 ASP.views_deviceevents_module_itemlist_ascx.__Render__control1(HtmlTextWriter __w, Control parameterContainer) 於 C:\Project\HomeNet\MessageCenter\MessageCenter\Views\DeviceEvents\Module\ItemList.ascx: 行 29
   於 System.Web.UI.Control.RenderChildrenInternal(HtmlTextWriter writer, ICollection children)
   於 System.Web.UI.Control.RenderControlInternal(HtmlTextWriter writer, ControlAdapter adapter)
   於 System.Web.UI.Control.RenderChildrenInternal(HtmlTextWriter writer, ICollection children)
   於 System.Web.Mvc.ViewPage.Render(HtmlTextWriter writer)
   於 System.Web.UI.Control.RenderControlInternal(HtmlTextWriter writer, ControlAdapter adapter)
   於 System.Web.UI.Page.ProcessRequestMain(Boolean includeStagesBeforeAsyncPoint, Boolean includeStagesAfterAsyncPoint)
   於 System.Web.UI.Page.HandleError(Exception e)
   於 System.Web.UI.Page.ProcessRequestMain(Boolean includeStagesBeforeAsyncPoint, Boolean includeStagesAfterAsyncPoint)
   於 System.Web.UI.Page.ProcessRequest(Boolean includeStagesBeforeAsyncPoint, Boolean includeStagesAfterAsyncPoint)
   於 System.Web.UI.Page.ProcessRequest()
   於 System.Web.UI.Page.ProcessRequest(HttpContext context)
   於 System.Web.Mvc.ViewPage.RenderView(ViewContext viewContext)
   於 System.Web.Mvc.ViewUserControl.RenderViewAndRestoreContentType(ViewPage containerPage, ViewContext viewContext)
   於 System.Web.Mvc.ViewUserControl.RenderView(ViewContext viewContext)
   於 System.Web.Mvc.Html.RenderPartialExtensions.RenderPartial(HtmlHelper htmlHelper, String partialViewName, Object model)
   於 ASP.views_deviceevents_module_queryresult_ascx.__Render__control1(HtmlTextWriter __w, Control parameterContainer) 於 C:\Project\HomeNet\MessageCenter\MessageCenter\Views\DeviceEvents\Module\QueryResult.ascx: 行 21
   於 System.Web.UI.Control.RenderChildrenInternal(HtmlTextWriter writer, ICollection children)
   於 System.Web.UI.Control.RenderControlInternal(HtmlTextWriter writer, ControlAdapter adapter)
   於 System.Web.UI.Control.RenderChildrenInternal(HtmlTextWriter writer, ICollection children)
   於 System.Web.Mvc.ViewPage.Render(HtmlTextWriter writer)
   於 System.Web.UI.Control.RenderControlInternal(HtmlTextWriter writer, ControlAdapter adapter)
   於 System.Web.UI.Page.ProcessRequestMain(Boolean includeStagesBeforeAsyncPoint, Boolean includeStagesAfterAsyncPoint)
   於 System.Web.UI.Page.ProcessRequest(Boolean includeStagesBeforeAsyncPoint, Boolean includeStagesAfterAsyncPoint)
   於 System.Web.UI.Page.ProcessRequest()
   於 System.Web.UI.Page.ProcessRequest(HttpContext context)
   於 System.Web.Mvc.HttpHandlerUtil.ServerExecuteHttpHandlerWrapper.<>c__DisplayClass4.<Wrap>b__3()
   於 System.Web.Mvc.HttpHandlerUtil.ServerExecuteHttpHandlerWrapper.Wrap[TResult](Func`1 func)
   於 System.Web.HttpServerUtility.ExecuteInternal(IHttpHandler handler, TextWriter writer, Boolean preserveForm, Boolean setPreviousPage, VirtualPath path, VirtualPath filePath, String physPath, Exception error, String queryStringOverride)
   於 System.Web.HttpServerUtility.ExecuteInternal(IHttpHandler handler, TextWriter writer, Boolean preserveForm, Boolean setPreviousPage, VirtualPath path, VirtualPath filePath, String physPath, Exception error, String queryStringOverride)
   於 System.Web.HttpServerUtility.Execute(IHttpHandler handler, TextWriter writer, Boolean preserveForm, Boolean setPreviousPage)
   於 System.Web.HttpServerUtility.Execute(IHttpHandler handler, TextWriter writer, Boolean preserveForm)
   於 System.Web.Mvc.ViewPage.RenderView(ViewContext viewContext)
   於 System.Web.Mvc.ViewUserControl.RenderViewAndRestoreContentType(ViewPage containerPage, ViewContext viewContext)
   於 System.Web.Mvc.ViewUserControl.RenderView(ViewContext viewContext)
   於 System.Web.Mvc.ViewResultBase.ExecuteResult(ControllerContext context)
   於 System.Web.Mvc.ControllerActionInvoker.InvokeActionResultFilterRecursive(IList`1 filters, Int32 filterIndex, ResultExecutingContext preContext, ControllerContext controllerContext, ActionResult actionResult)
   於 System.Web.Mvc.ControllerActionInvoker.InvokeActionResultFilterRecursive(IList`1 filters, Int32 filterIndex, ResultExecutingContext preContext, ControllerContext controllerContext, ActionResult actionResult)
   於 System.Web.Mvc.ControllerActionInvoker.InvokeActionResultWithFilters(ControllerContext controllerContext, IList`1 filters, ActionResult actionResult)
   於 System.Web.Mvc.Async.AsyncControllerActionInvoker.<>c__DisplayClass21.<BeginInvokeAction>b__1e(IAsyncResult asyncResult)
   於 System.Web.Mvc.Async.AsyncControllerActionInvoker.EndInvokeAction(IAsyncResult asyncResult)
   於 System.Web.Mvc.Controller.<BeginExecuteCore>b__1d(IAsyncResult asyncResult, ExecuteCoreState innerState)
   於 System.Web.Mvc.Async.AsyncResultWrapper.WrappedAsyncVoid`1.CallEndDelegate(IAsyncResult asyncResult)
   於 System.Web.Mvc.Controller.EndExecuteCore(IAsyncResult asyncResult)
   於 System.Web.Mvc.Async.AsyncResultWrapper.WrappedAsyncVoid`1.CallEndDelegate(IAsyncResult asyncResult)
   於 System.Web.Mvc.Controller.EndExecute(IAsyncResult asyncResult)
   於 System.Web.Mvc.MvcHandler.<BeginProcessRequest>b__5(IAsyncResult asyncResult, ProcessRequestState innerState)
   於 System.Web.Mvc.Async.AsyncResultWrapper.WrappedAsyncVoid`1.CallEndDelegate(IAsyncResult asyncResult)
   於 System.Web.Mvc.MvcHandler.EndProcessRequest(IAsyncResult asyncResult)
   於 System.Web.HttpApplication.CallHandlerExecutionStep.System.Web.HttpApplication.IExecutionStep.Execute()
   於 System.Web.HttpApplication.ExecuteStep(IExecutionStep step, Boolean& completedSynchronously)
2017/04/14 09:52:07
MySql.Data.MySqlClient.MySqlException (0x80004005): Unable to connect to any of the specified MySQL hosts.
   於 MySql.Data.MySqlClient.NativeDriver.Open()
   於 MySql.Data.MySqlClient.Driver.Open()
   於 MySql.Data.MySqlClient.Driver.Create(MySqlConnectionStringBuilder settings)
   於 MySql.Data.MySqlClient.MySqlPool.GetPooledConnection()
   於 MySql.Data.MySqlClient.MySqlPool.TryToGetDriver()
   於 MySql.Data.MySqlClient.MySqlPool.GetConnection()
   於 MySql.Data.MySqlClient.MySqlConnection.Open()
   於 LinqToDB.Data.DataConnection.get_Connection() 於 c:\projects\linq2db\Source\Data\DataConnection.cs: 行 526
   於 LinqToDB.Data.DataConnection.CreateCommand() 於 c:\projects\linq2db\Source\Data\DataConnection.cs: 行 594
   於 LinqToDB.Data.DataConnection.get_Command() 於 c:\projects\linq2db\Source\Data\DataConnection.cs: 行 588
   於 LinqToDB.DataProvider.DataProviderBase.InitCommand(DataConnection dataConnection, CommandType commandType, String commandText, DataParameter[] parameters) 於 c:\projects\linq2db\Source\DataProvider\DataProviderBase.cs: 行 90
   於 LinqToDB.Data.DataConnection.InitCommand(CommandType commandType, String sql, DataParameter[] parameters, List`1 queryHints) 於 c:\projects\linq2db\Source\Data\DataConnection.cs: 行 571
   於 LinqToDB.Data.DataConnection.LinqToDB.IDataContext.ExecuteReader(Object query) 於 c:\projects\linq2db\Source\Data\DataConnection.Linq.cs: 行 263
   於 LinqToDB.Linq.Query`1.<RunQuery>d__11.MoveNext() 於 c:\projects\linq2db\Source\Linq\Query.cs: 行 371
   於 LinqToDB.Linq.Query`1.<Map>d__6a.MoveNext() 於 c:\projects\linq2db\Source\Linq\Query.cs: 行 1180
   於 System.Linq.Buffer`1..ctor(IEnumerable`1 source)
   於 System.Linq.Enumerable.ToArray[TSource](IEnumerable`1 source)
   於 WebHome.Helper.BusinessExtensionMethods.SynchronizeDevices() 於 C:\Project\HomeNet\MessageCenter\MessageCenter\Helper\BusinessExtensionMethods.cs: 行 26
   於 WebHome.Helper.Jobs.MessageAutoDispatcher.DoJob() 於 C:\Project\HomeNet\MessageCenter\MessageCenter\Helper\Jobs\MessageAutoDispatcher.cs: 行 21
   於 CommonLib.Helper.JobScheduler.doJob(JobItem item, Boolean nextSchedule)
   於 CommonLib.Helper.JobScheduler.run(Object state)
2017/04/14 09:52:09
MySql.Data.MySqlClient.MySqlException (0x80004005): Unable to connect to any of the specified MySQL hosts.
   於 MySql.Data.MySqlClient.NativeDriver.Open()
   於 MySql.Data.MySqlClient.Driver.Open()
   於 MySql.Data.MySqlClient.Driver.Create(MySqlConnectionStringBuilder settings)
   於 MySql.Data.MySqlClient.MySqlPool.GetPooledConnection()
   於 MySql.Data.MySqlClient.MySqlPool.TryToGetDriver()
   於 MySql.Data.MySqlClient.MySqlPool.GetConnection()
   於 MySql.Data.MySqlClient.MySqlConnection.Open()
   於 LinqToDB.Data.DataConnection.get_Connection() 於 c:\projects\linq2db\Source\Data\DataConnection.cs: 行 526
   於 LinqToDB.Data.DataConnection.CreateCommand() 於 c:\projects\linq2db\Source\Data\DataConnection.cs: 行 594
   於 LinqToDB.Data.DataConnection.get_Command() 於 c:\projects\linq2db\Source\Data\DataConnection.cs: 行 588
   於 LinqToDB.DataProvider.DataProviderBase.InitCommand(DataConnection dataConnection, CommandType commandType, String commandText, DataParameter[] parameters) 於 c:\projects\linq2db\Source\DataProvider\DataProviderBase.cs: 行 90
   於 LinqToDB.Data.DataConnection.InitCommand(CommandType commandType, String sql, DataParameter[] parameters, List`1 queryHints) 於 c:\projects\linq2db\Source\Data\DataConnection.cs: 行 571
   於 LinqToDB.Data.DataConnection.LinqToDB.IDataContext.ExecuteReader(Object query) 於 c:\projects\linq2db\Source\Data\DataConnection.Linq.cs: 行 263
   於 LinqToDB.Linq.Query`1.<RunQuery>d__11.MoveNext() 於 c:\projects\linq2db\Source\Linq\Query.cs: 行 371
   於 LinqToDB.Linq.Query`1.<Map>d__6a.MoveNext() 於 c:\projects\linq2db\Source\Linq\Query.cs: 行 1180
   於 System.Linq.Buffer`1..ctor(IEnumerable`1 source)
   於 System.Linq.Enumerable.ToArray[TSource](IEnumerable`1 source)
   於 WebHome.Helper.BusinessExtensionMethods.CheckDeviceAlive() 於 C:\Project\HomeNet\MessageCenter\MessageCenter\Helper\BusinessExtensionMethods.cs: 行 74
   於 WebHome.Helper.Jobs.AliveDeviceStatusDispatcher.DoJob() 於 C:\Project\HomeNet\MessageCenter\MessageCenter\Helper\Jobs\MessageAutoDispatcher.cs: 行 39
   於 CommonLib.Helper.JobScheduler.doJob(JobItem item, Boolean nextSchedule)
   於 CommonLib.Helper.JobScheduler.run(Object state)
2017/04/14 09:52:11
MySql.Data.MySqlClient.MySqlException (0x80004005): Unable to connect to any of the specified MySQL hosts.
   於 MySql.Data.MySqlClient.NativeDriver.Open()
   於 MySql.Data.MySqlClient.Driver.Open()
   於 MySql.Data.MySqlClient.Driver.Create(MySqlConnectionStringBuilder settings)
   於 MySql.Data.MySqlClient.MySqlPool.GetPooledConnection()
   於 MySql.Data.MySqlClient.MySqlPool.TryToGetDriver()
   於 MySql.Data.MySqlClient.MySqlPool.GetConnection()
   於 MySql.Data.MySqlClient.MySqlConnection.Open()
   於 LinqToDB.Data.DataConnection.get_Connection() 於 c:\projects\linq2db\Source\Data\DataConnection.cs: 行 526
   於 LinqToDB.Data.DataConnection.CreateCommand() 於 c:\projects\linq2db\Source\Data\DataConnection.cs: 行 594
   於 LinqToDB.Data.DataConnection.get_Command() 於 c:\projects\linq2db\Source\Data\DataConnection.cs: 行 588
   於 LinqToDB.Data.DataConnection.AddParameter(ICollection`1 parms, String name, SqlParameter parm) 於 c:\projects\linq2db\Source\Data\DataConnection.Linq.cs: 行 142
   於 LinqToDB.Data.DataConnection.GetParameters(IQueryContext query, PreparedQuery pq) 於 c:\projects\linq2db\Source\Data\DataConnection.Linq.cs: 行 133
   於 LinqToDB.Data.DataConnection.LinqToDB.IDataContext.SetQuery(IQueryContext queryContext) 於 c:\projects\linq2db\Source\Data\DataConnection.Linq.cs: 行 356
   於 LinqToDB.Linq.Query`1.SetCommand(IDataContext dataContext, Expression expr, Object[] parameters, Int32 idx, Boolean clearQueryHints) 於 c:\projects\linq2db\Source\Linq\Query.cs: 行 402
   於 LinqToDB.Linq.Query`1.<RunQuery>d__11.MoveNext() 於 c:\projects\linq2db\Source\Linq\Query.cs: 行 369
   於 LinqToDB.Linq.Query`1.<Map>d__6a.MoveNext() 於 c:\projects\linq2db\Source\Linq\Query.cs: 行 1180
   於 System.Linq.Buffer`1..ctor(IEnumerable`1 source)
   於 System.Linq.Enumerable.ToArray[TSource](IEnumerable`1 source)
   於 WebHome.Helper.Jobs.SecurityGuardDispatcher.checkSecurityGuard() 於 C:\Project\HomeNet\MessageCenter\MessageCenter\Helper\Jobs\SecurityGuardDispatcher.cs: 行 68
   於 WebHome.Helper.Jobs.SecurityGuardDispatcher.DoJob() 於 C:\Project\HomeNet\MessageCenter\MessageCenter\Helper\Jobs\SecurityGuardDispatcher.cs: 行 35
2017/04/14 09:52:13
MySql.Data.MySqlClient.MySqlException (0x80004005): Unable to connect to any of the specified MySQL hosts.
   於 MySql.Data.MySqlClient.NativeDriver.Open()
   於 MySql.Data.MySqlClient.Driver.Open()
   於 MySql.Data.MySqlClient.Driver.Create(MySqlConnectionStringBuilder settings)
   於 MySql.Data.MySqlClient.MySqlPool.GetPooledConnection()
   於 MySql.Data.MySqlClient.MySqlPool.TryToGetDriver()
   於 MySql.Data.MySqlClient.MySqlPool.GetConnection()
   於 MySql.Data.MySqlClient.MySqlConnection.Open()
   於 LinqToDB.Data.DataConnection.get_Connection() 於 c:\projects\linq2db\Source\Data\DataConnection.cs: 行 526
   於 LinqToDB.Data.DataConnection.CreateCommand() 於 c:\projects\linq2db\Source\Data\DataConnection.cs: 行 594
   於 LinqToDB.Data.DataConnection.get_Command() 於 c:\projects\linq2db\Source\Data\DataConnection.cs: 行 588
   於 LinqToDB.Data.DataConnection.AddParameter(ICollection`1 parms, String name, SqlParameter parm) 於 c:\projects\linq2db\Source\Data\DataConnection.Linq.cs: 行 142
   於 LinqToDB.Data.DataConnection.GetParameters(IQueryContext query, PreparedQuery pq) 於 c:\projects\linq2db\Source\Data\DataConnection.Linq.cs: 行 133
   於 LinqToDB.Data.DataConnection.LinqToDB.IDataContext.SetQuery(IQueryContext queryContext) 於 c:\projects\linq2db\Source\Data\DataConnection.Linq.cs: 行 356
   於 LinqToDB.Linq.Query`1.SetCommand(IDataContext dataContext, Expression expr, Object[] parameters, Int32 idx, Boolean clearQueryHints) 於 c:\projects\linq2db\Source\Linq\Query.cs: 行 402
   於 LinqToDB.Linq.Query`1.<RunQuery>d__11.MoveNext() 於 c:\projects\linq2db\Source\Linq\Query.cs: 行 369
   於 LinqToDB.Linq.Query`1.<Map>d__6a.MoveNext() 於 c:\projects\linq2db\Source\Linq\Query.cs: 行 1180
   於 System.Linq.Buffer`1..ctor(IEnumerable`1 source)
   於 System.Linq.Enumerable.ToArray[TSource](IEnumerable`1 source)
   於 WebHome.Helper.Jobs.DeviceEventDispatcher.checkDeviceEvent() 於 C:\Project\HomeNet\MessageCenter\MessageCenter\Helper\Jobs\DeviceEventDispatcher.cs: 行 68
   於 WebHome.Helper.Jobs.DeviceEventDispatcher.DoJob() 於 C:\Project\HomeNet\MessageCenter\MessageCenter\Helper\Jobs\DeviceEventDispatcher.cs: 行 35
2017/04/14 09:52:37
MySql.Data.MySqlClient.MySqlException (0x80004005): Unable to connect to any of the specified MySQL hosts.
   於 MySql.Data.MySqlClient.NativeDriver.Open()
   於 MySql.Data.MySqlClient.Driver.Open()
   於 MySql.Data.MySqlClient.Driver.Create(MySqlConnectionStringBuilder settings)
   於 MySql.Data.MySqlClient.MySqlPool.GetPooledConnection()
   於 MySql.Data.MySqlClient.MySqlPool.TryToGetDriver()
   於 MySql.Data.MySqlClient.MySqlPool.GetConnection()
   於 MySql.Data.MySqlClient.MySqlConnection.Open()
   於 LinqToDB.Data.DataConnection.get_Connection() 於 c:\projects\linq2db\Source\Data\DataConnection.cs: 行 526
   於 LinqToDB.Data.DataConnection.CreateCommand() 於 c:\projects\linq2db\Source\Data\DataConnection.cs: 行 594
   於 LinqToDB.Data.DataConnection.get_Command() 於 c:\projects\linq2db\Source\Data\DataConnection.cs: 行 588
   於 LinqToDB.DataProvider.DataProviderBase.InitCommand(DataConnection dataConnection, CommandType commandType, String commandText, DataParameter[] parameters) 於 c:\projects\linq2db\Source\DataProvider\DataProviderBase.cs: 行 90
   於 LinqToDB.Data.DataConnection.InitCommand(CommandType commandType, String sql, DataParameter[] parameters, List`1 queryHints) 於 c:\projects\linq2db\Source\Data\DataConnection.cs: 行 571
   於 LinqToDB.Data.DataConnection.LinqToDB.IDataContext.ExecuteReader(Object query) 於 c:\projects\linq2db\Source\Data\DataConnection.Linq.cs: 行 263
   於 LinqToDB.Linq.Query`1.<RunQuery>d__11.MoveNext() 於 c:\projects\linq2db\Source\Linq\Query.cs: 行 371
   於 LinqToDB.Linq.Query`1.<Map>d__6a.MoveNext() 於 c:\projects\linq2db\Source\Linq\Query.cs: 行 1180
   於 System.Linq.Buffer`1..ctor(IEnumerable`1 source)
   於 System.Linq.Enumerable.ToArray[TSource](IEnumerable`1 source)
   於 WebHome.Helper.BusinessExtensionMethods.SynchronizeDevices() 於 C:\Project\HomeNet\MessageCenter\MessageCenter\Helper\BusinessExtensionMethods.cs: 行 26
   於 WebHome.Helper.Jobs.MessageAutoDispatcher.DoJob() 於 C:\Project\HomeNet\MessageCenter\MessageCenter\Helper\Jobs\MessageAutoDispatcher.cs: 行 21
   於 CommonLib.Helper.JobScheduler.doJob(JobItem item, Boolean nextSchedule)
   於 CommonLib.Helper.JobScheduler.run(Object state)
2017/04/14 09:52:39
MySql.Data.MySqlClient.MySqlException (0x80004005): Unable to connect to any of the specified MySQL hosts.
   於 MySql.Data.MySqlClient.NativeDriver.Open()
   於 MySql.Data.MySqlClient.Driver.Open()
   於 MySql.Data.MySqlClient.Driver.Create(MySqlConnectionStringBuilder settings)
   於 MySql.Data.MySqlClient.MySqlPool.GetPooledConnection()
   於 MySql.Data.MySqlClient.MySqlPool.TryToGetDriver()
   於 MySql.Data.MySqlClient.MySqlPool.GetConnection()
   於 MySql.Data.MySqlClient.MySqlConnection.Open()
   於 LinqToDB.Data.DataConnection.get_Connection() 於 c:\projects\linq2db\Source\Data\DataConnection.cs: 行 526
   於 LinqToDB.Data.DataConnection.CreateCommand() 於 c:\projects\linq2db\Source\Data\DataConnection.cs: 行 594
   於 LinqToDB.Data.DataConnection.get_Command() 於 c:\projects\linq2db\Source\Data\DataConnection.cs: 行 588
   於 LinqToDB.DataProvider.DataProviderBase.InitCommand(DataConnection dataConnection, CommandType commandType, String commandText, DataParameter[] parameters) 於 c:\projects\linq2db\Source\DataProvider\DataProviderBase.cs: 行 90
   於 LinqToDB.Data.DataConnection.InitCommand(CommandType commandType, String sql, DataParameter[] parameters, List`1 queryHints) 於 c:\projects\linq2db\Source\Data\DataConnection.cs: 行 571
   於 LinqToDB.Data.DataConnection.LinqToDB.IDataContext.ExecuteReader(Object query) 於 c:\projects\linq2db\Source\Data\DataConnection.Linq.cs: 行 263
   於 LinqToDB.Linq.Query`1.<RunQuery>d__11.MoveNext() 於 c:\projects\linq2db\Source\Linq\Query.cs: 行 371
   於 LinqToDB.Linq.Query`1.<Map>d__6a.MoveNext() 於 c:\projects\linq2db\Source\Linq\Query.cs: 行 1180
   於 System.Linq.Buffer`1..ctor(IEnumerable`1 source)
   於 System.Linq.Enumerable.ToArray[TSource](IEnumerable`1 source)
   於 WebHome.Helper.BusinessExtensionMethods.CheckDeviceAlive() 於 C:\Project\HomeNet\MessageCenter\MessageCenter\Helper\BusinessExtensionMethods.cs: 行 74
   於 WebHome.Helper.Jobs.AliveDeviceStatusDispatcher.DoJob() 於 C:\Project\HomeNet\MessageCenter\MessageCenter\Helper\Jobs\MessageAutoDispatcher.cs: 行 39
   於 CommonLib.Helper.JobScheduler.doJob(JobItem item, Boolean nextSchedule)
   於 CommonLib.Helper.JobScheduler.run(Object state)
2017/04/14 09:52:41
MySql.Data.MySqlClient.MySqlException (0x80004005): Unable to connect to any of the specified MySQL hosts.
   於 MySql.Data.MySqlClient.NativeDriver.Open()
   於 MySql.Data.MySqlClient.Driver.Open()
   於 MySql.Data.MySqlClient.Driver.Create(MySqlConnectionStringBuilder settings)
   於 MySql.Data.MySqlClient.MySqlPool.GetPooledConnection()
   於 MySql.Data.MySqlClient.MySqlPool.TryToGetDriver()
   於 MySql.Data.MySqlClient.MySqlPool.GetConnection()
   於 MySql.Data.MySqlClient.MySqlConnection.Open()
   於 LinqToDB.Data.DataConnection.get_Connection() 於 c:\projects\linq2db\Source\Data\DataConnection.cs: 行 526
   於 LinqToDB.Data.DataConnection.CreateCommand() 於 c:\projects\linq2db\Source\Data\DataConnection.cs: 行 594
   於 LinqToDB.Data.DataConnection.get_Command() 於 c:\projects\linq2db\Source\Data\DataConnection.cs: 行 588
   於 LinqToDB.Data.DataConnection.AddParameter(ICollection`1 parms, String name, SqlParameter parm) 於 c:\projects\linq2db\Source\Data\DataConnection.Linq.cs: 行 142
   於 LinqToDB.Data.DataConnection.GetParameters(IQueryContext query, PreparedQuery pq) 於 c:\projects\linq2db\Source\Data\DataConnection.Linq.cs: 行 133
   於 LinqToDB.Data.DataConnection.LinqToDB.IDataContext.SetQuery(IQueryContext queryContext) 於 c:\projects\linq2db\Source\Data\DataConnection.Linq.cs: 行 356
   於 LinqToDB.Linq.Query`1.SetCommand(IDataContext dataContext, Expression expr, Object[] parameters, Int32 idx, Boolean clearQueryHints) 於 c:\projects\linq2db\Source\Linq\Query.cs: 行 402
   於 LinqToDB.Linq.Query`1.<RunQuery>d__11.MoveNext() 於 c:\projects\linq2db\Source\Linq\Query.cs: 行 369
   於 LinqToDB.Linq.Query`1.<Map>d__6a.MoveNext() 於 c:\projects\linq2db\Source\Linq\Query.cs: 行 1180
   於 System.Linq.Buffer`1..ctor(IEnumerable`1 source)
   於 System.Linq.Enumerable.ToArray[TSource](IEnumerable`1 source)
   於 WebHome.Helper.Jobs.SecurityGuardDispatcher.checkSecurityGuard() 於 C:\Project\HomeNet\MessageCenter\MessageCenter\Helper\Jobs\SecurityGuardDispatcher.cs: 行 68
   於 WebHome.Helper.Jobs.SecurityGuardDispatcher.DoJob() 於 C:\Project\HomeNet\MessageCenter\MessageCenter\Helper\Jobs\SecurityGuardDispatcher.cs: 行 35
2017/04/14 09:52:43
MySql.Data.MySqlClient.MySqlException (0x80004005): Unable to connect to any of the specified MySQL hosts.
   於 MySql.Data.MySqlClient.NativeDriver.Open()
   於 MySql.Data.MySqlClient.Driver.Open()
   於 MySql.Data.MySqlClient.Driver.Create(MySqlConnectionStringBuilder settings)
   於 MySql.Data.MySqlClient.MySqlPool.GetPooledConnection()
   於 MySql.Data.MySqlClient.MySqlPool.TryToGetDriver()
   於 MySql.Data.MySqlClient.MySqlPool.GetConnection()
   於 MySql.Data.MySqlClient.MySqlConnection.Open()
   於 LinqToDB.Data.DataConnection.get_Connection() 於 c:\projects\linq2db\Source\Data\DataConnection.cs: 行 526
   於 LinqToDB.Data.DataConnection.CreateCommand() 於 c:\projects\linq2db\Source\Data\DataConnection.cs: 行 594
   於 LinqToDB.Data.DataConnection.get_Command() 於 c:\projects\linq2db\Source\Data\DataConnection.cs: 行 588
   於 LinqToDB.Data.DataConnection.AddParameter(ICollection`1 parms, String name, SqlParameter parm) 於 c:\projects\linq2db\Source\Data\DataConnection.Linq.cs: 行 142
   於 LinqToDB.Data.DataConnection.GetParameters(IQueryContext query, PreparedQuery pq) 於 c:\projects\linq2db\Source\Data\DataConnection.Linq.cs: 行 133
   於 LinqToDB.Data.DataConnection.LinqToDB.IDataContext.SetQuery(IQueryContext queryContext) 於 c:\projects\linq2db\Source\Data\DataConnection.Linq.cs: 行 356
   於 LinqToDB.Linq.Query`1.SetCommand(IDataContext dataContext, Expression expr, Object[] parameters, Int32 idx, Boolean clearQueryHints) 於 c:\projects\linq2db\Source\Linq\Query.cs: 行 402
   於 LinqToDB.Linq.Query`1.<RunQuery>d__11.MoveNext() 於 c:\projects\linq2db\Source\Linq\Query.cs: 行 369
   於 LinqToDB.Linq.Query`1.<Map>d__6a.MoveNext() 於 c:\projects\linq2db\Source\Linq\Query.cs: 行 1180
   於 System.Linq.Buffer`1..ctor(IEnumerable`1 source)
   於 System.Linq.Enumerable.ToArray[TSource](IEnumerable`1 source)
   於 WebHome.Helper.Jobs.DeviceEventDispatcher.checkDeviceEvent() 於 C:\Project\HomeNet\MessageCenter\MessageCenter\Helper\Jobs\DeviceEventDispatcher.cs: 行 68
   於 WebHome.Helper.Jobs.DeviceEventDispatcher.DoJob() 於 C:\Project\HomeNet\MessageCenter\MessageCenter\Helper\Jobs\DeviceEventDispatcher.cs: 行 35
