2022/11/01 10:17:55
System.Net.WebException: The remote server returned an error: (500) Internal Server Error.
   at System.Net.WebClient.UploadDataInternal(Uri address, String method, Byte[] data, WebRequest& request)
   at System.Net.WebClient.UploadString(Uri address, String method, String data)
   at WebHome.DataPort.YoxiAgent.UpdateSpotAccount() in C:\Project\HomeNet\MessageCenter\MasterWeb\DataPort\YoxiAgent.cs:line 214
2022/11/01 14:07:06
MySql.Data.MySqlClient.MySqlException (0x80004005): Unable to connect to any of the specified MySQL hosts. ---> System.AggregateException: One or more errors occurred. ---> System.Net.Sockets.SocketException: No connection could be made because the target machine actively refused it 127.0.0.1:4406
   at System.Net.Sockets.Socket.InternalEndConnect(IAsyncResult asyncResult)
   at System.Net.Sockets.Socket.EndConnect(IAsyncResult asyncResult)
   at System.Net.Sockets.TcpClient.EndConnect(IAsyncResult asyncResult)
   at System.Threading.Tasks.TaskFactory`1.FromAsyncCoreLogic(IAsyncResult iar, Func`2 endFunction, Action`1 endAction, Task`1 promise, Boolean requiresSynchronization)
   --- End of inner exception stack trace ---
   at System.Threading.Tasks.Task.ThrowIfExceptional(Boolean includeTaskCanceledExceptions)
   at System.Threading.Tasks.Task.Wait(Int32 millisecondsTimeout, CancellationToken cancellationToken)
   at MySql.Data.Common.StreamCreator.GetTcpStream(MySqlConnectionStringBuilder settings)
   at MySql.Data.MySqlClient.NativeDriver.Open()
---> (Inner Exception #0) System.Net.Sockets.SocketException (0x80004005): No connection could be made because the target machine actively refused it 127.0.0.1:4406
   at System.Net.Sockets.Socket.InternalEndConnect(IAsyncResult asyncResult)
   at System.Net.Sockets.Socket.EndConnect(IAsyncResult asyncResult)
   at System.Net.Sockets.TcpClient.EndConnect(IAsyncResult asyncResult)
   at System.Threading.Tasks.TaskFactory`1.FromAsyncCoreLogic(IAsyncResult iar, Func`2 endFunction, Action`1 endAction, Task`1 promise, Boolean requiresSynchronization)<---

   at MySql.Data.MySqlClient.NativeDriver.Open()
   at MySql.Data.MySqlClient.Driver.Open()
   at MySql.Data.MySqlClient.Driver.Create(MySqlConnectionStringBuilder settings)
   at MySql.Data.MySqlClient.MySqlPool.CreateNewPooledConnection()
   at MySql.Data.MySqlClient.MySqlPool.GetPooledConnection()
   at MySql.Data.MySqlClient.MySqlPool.TryToGetDriver()
   at MySql.Data.MySqlClient.MySqlPool.GetConnection()
   at MySql.Data.MySqlClient.MySqlConnection.Open()
   at LinqToDB.Data.DataConnection.EnsureConnection() in C:\projects\linq2db\Source\LinqToDB\Data\DataConnection.cs:line 980
   at LinqToDB.Data.DataConnection.CreateCommand() in C:\projects\linq2db\Source\LinqToDB\Data\DataConnection.cs:line 1111
   at LinqToDB.Data.DataConnection.get_Command() in C:\projects\linq2db\Source\LinqToDB\Data\DataConnection.cs:line 1102
   at LinqToDB.Data.DataConnection.QueryRunner.AddParameter(DataConnection dataConnection, ICollection`1 parms, String name, SqlParameter parm) in C:\projects\linq2db\Source\LinqToDB\Data\DataConnection.QueryRunner.cs:line 244
   at LinqToDB.Data.DataConnection.QueryRunner.GetParameters(DataConnection dataConnection, IQueryContext query, PreparedQuery pq) in C:\projects\linq2db\Source\LinqToDB\Data\DataConnection.QueryRunner.cs:line 235
   at LinqToDB.Data.DataConnection.QueryRunner.SetQuery() in C:\projects\linq2db\Source\LinqToDB\Data\DataConnection.QueryRunner.cs:line 281
   at LinqToDB.Linq.QueryRunnerBase.SetCommand(Boolean clearQueryHints) in C:\projects\linq2db\Source\LinqToDB\Linq\QueryRunnerBase.cs:line 69
   at LinqToDB.Data.DataConnection.QueryRunner.ExecuteReader() in C:\projects\linq2db\Source\LinqToDB\Data\DataConnection.QueryRunner.cs:line 454
   at LinqToDB.Linq.QueryRunner.<ExecuteQuery>d__10`1.MoveNext() in C:\projects\linq2db\Source\LinqToDB\Linq\QueryRunner.cs:line 344
   at System.Linq.Buffer`1..ctor(IEnumerable`1 source)
   at System.Linq.Enumerable.ToArray[TSource](IEnumerable`1 source)
   at WebHome.Helper.Jobs.DeviceEventDispatcher.checkDeviceEvent() in C:\Project\HomeNet\MessageCenter\MasterWeb\Helper\Jobs\DeviceEventDispatcher.cs:line 70
   at WebHome.Helper.Jobs.DeviceEventDispatcher.DoJob() in C:\Project\HomeNet\MessageCenter\MasterWeb\Helper\Jobs\DeviceEventDispatcher.cs:line 35
2022/11/01 14:07:07
MySql.Data.MySqlClient.MySqlException (0x80004005): Unable to connect to any of the specified MySQL hosts. ---> System.Threading.ThreadAbortException: Thread was being aborted.
   at System.Threading.Monitor.ObjWait(Boolean exitContext, Int32 millisecondsTimeout, Object obj)
   at System.Threading.ManualResetEventSlim.Wait(Int32 millisecondsTimeout, CancellationToken cancellationToken)
   at System.Threading.Tasks.Task.SpinThenBlockingWait(Int32 millisecondsTimeout, CancellationToken cancellationToken)
   at System.Threading.Tasks.Task.InternalWait(Int32 millisecondsTimeout, CancellationToken cancellationToken)
   at System.Threading.Tasks.Task.Wait(Int32 millisecondsTimeout, CancellationToken cancellationToken)
   at MySql.Data.Common.StreamCreator.GetTcpStream(MySqlConnectionStringBuilder settings)
   at MySql.Data.MySqlClient.NativeDriver.Open()
   at MySql.Data.MySqlClient.NativeDriver.Open()
   at MySql.Data.MySqlClient.Driver.Open()
   at MySql.Data.MySqlClient.Driver.Create(MySqlConnectionStringBuilder settings)
   at MySql.Data.MySqlClient.MySqlPool.CreateNewPooledConnection()
   at MySql.Data.MySqlClient.MySqlPool.GetPooledConnection()
   at MySql.Data.MySqlClient.MySqlPool.TryToGetDriver()
   at MySql.Data.MySqlClient.MySqlPool.GetConnection()
   at MySql.Data.MySqlClient.MySqlConnection.Open()
   at LinqToDB.Data.DataConnection.EnsureConnection() in C:\projects\linq2db\Source\LinqToDB\Data\DataConnection.cs:line 980
   at LinqToDB.Data.DataConnection.CreateCommand() in C:\projects\linq2db\Source\LinqToDB\Data\DataConnection.cs:line 1111
   at LinqToDB.Data.DataConnection.get_Command() in C:\projects\linq2db\Source\LinqToDB\Data\DataConnection.cs:line 1102
   at LinqToDB.DataProvider.DataProviderBase.InitCommand(DataConnection dataConnection, CommandType commandType, String commandText, DataParameter[] parameters, Boolean withParameters) in C:\projects\linq2db\Source\LinqToDB\DataProvider\DataProviderBase.cs:line 109
   at LinqToDB.Data.DataConnection.InitCommand(CommandType commandType, String sql, DataParameter[] parameters, List`1 queryHints, Boolean withParameters) in C:\projects\linq2db\Source\LinqToDB\Data\DataConnection.cs:line 1063
   at LinqToDB.Data.DataConnection.QueryRunner.ExecuteReader() in C:\projects\linq2db\Source\LinqToDB\Data\DataConnection.QueryRunner.cs:line 458
   at LinqToDB.Linq.QueryRunner.<ExecuteQuery>d__10`1.MoveNext() in C:\projects\linq2db\Source\LinqToDB\Linq\QueryRunner.cs:line 344
   at System.Linq.Buffer`1..ctor(IEnumerable`1 source)
   at System.Linq.Enumerable.ToArray[TSource](IEnumerable`1 source)
   at WebHome.Helper.BusinessExtensionMethods.SynchronizeUserDevices() in C:\Project\HomeNet\MessageCenter\MasterWeb\Helper\BusinessExtensionMethods.cs:line 40
2022/11/01 14:07:07
System.Threading.ThreadAbortException: Thread was being aborted.
   at WebHome.Helper.BusinessExtensionMethods.SynchronizeUserDevices() in C:\Project\HomeNet\MessageCenter\MasterWeb\Helper\BusinessExtensionMethods.cs:line 96
   at WebHome.Helper.Jobs.MessageAutoDispatcher.DoJob() in C:\Project\HomeNet\MessageCenter\MasterWeb\Helper\Jobs\MessageAutoDispatcher.cs:line 24
   at CommonLib.Helper.JobScheduler.doJob(JobItem item, Boolean nextSchedule) in C:\Project\HomeNet\MessageCenter\CommonLib\Helper\JobScheduler.cs:line 104
   at CommonLib.Helper.JobScheduler.run(Object state) in C:\Project\HomeNet\MessageCenter\CommonLib\Helper\JobScheduler.cs:line 69
