2022/10/10 01:02:46
System.Web.HttpCompileException (0x80004005): C:\Project\HomeNet\MessageCenter\MasterWeb\Views\DeviceEvents\Module\BuildingYoxiOrder.cshtml(112): error CS1002: ; expected
   at System.Web.Compilation.AssemblyBuilder.Compile()
   at System.Web.Compilation.BuildProvidersCompiler.PerformBuild()
   at System.Web.Compilation.BuildManager.CompileWebFile(VirtualPath virtualPath)
   at System.Web.Compilation.BuildManager.GetVPathBuildResultInternal(VirtualPath virtualPath, Boolean noBuild, Boolean allowCrossApp, Boolean allowBuildInPrecompile, Boolean throwIfNotFound, Boolean ensureIsUpToDate)
   at System.Web.Compilation.BuildManager.GetVPathBuildResultWithNoAssert(HttpContext context, VirtualPath virtualPath, Boolean noBuild, Boolean allowCrossApp, Boolean allowBuildInPrecompile, Boolean throwIfNotFound, Boolean ensureIsUpToDate)
   at System.Web.Compilation.BuildManager.GetVirtualPathObjectFactory(VirtualPath virtualPath, HttpContext context, Boolean allowCrossApp, Boolean throwIfNotFound)
   at System.Web.Compilation.BuildManager.GetCompiledType(VirtualPath virtualPath)
   at System.Web.Mvc.BuildManagerCompiledView.Render(ViewContext viewContext, TextWriter writer)
   at System.Web.Mvc.Html.RenderPartialExtensions.RenderPartial(HtmlHelper htmlHelper, String partialViewName)
   at ASP._Page_Views_DeviceEvents_Index_cshtml.<>c__DisplayClass3_0.<Execute>b__1() in C:\Project\HomeNet\MessageCenter\MasterWeb\Views\DeviceEvents\Index.cshtml:line 24
   at System.Web.WebPages.WebPageBase.<>c__DisplayClass42_0.<RenderSection>b__0(TextWriter tw)
   at System.Web.WebPages.WebPageBase.Write(HelperResult result)
   at ASP._Page_Views_Shared_MvcMainPage_cshtml.Execute() in C:\Project\HomeNet\MessageCenter\MasterWeb\Views\Shared\MvcMainPage.cshtml:line 331
   at System.Web.WebPages.WebPageBase.ExecutePageHierarchy()
   at System.Web.Mvc.WebViewPage.ExecutePageHierarchy()
   at System.Web.WebPages.WebPageBase.ExecutePageHierarchy(WebPageContext pageContext, TextWriter writer, WebPageRenderingBase startPage)
   at System.Web.WebPages.WebPageBase.<>c__DisplayClass40_0.<RenderPageCore>b__0(TextWriter writer)
   at System.Web.WebPages.WebPageBase.Write(HelperResult result)
   at System.Web.WebPages.WebPageBase.RenderSurrounding(String partialViewName, Action`1 body)
   at System.Web.WebPages.WebPageBase.PopContext()
   at System.Web.Mvc.ViewResultBase.ExecuteResult(ControllerContext context)
   at System.Web.Mvc.ControllerActionInvoker.InvokeActionResultFilterRecursive(IList`1 filters, Int32 filterIndex, ResultExecutingContext preContext, ControllerContext controllerContext, ActionResult actionResult)
   at System.Web.Mvc.ControllerActionInvoker.InvokeActionResultFilterRecursive(IList`1 filters, Int32 filterIndex, ResultExecutingContext preContext, ControllerContext controllerContext, ActionResult actionResult)
   at System.Web.Mvc.ControllerActionInvoker.InvokeActionResultWithFilters(ControllerContext controllerContext, IList`1 filters, ActionResult actionResult)
   at System.Web.Mvc.Async.AsyncControllerActionInvoker.<>c__DisplayClass3_1.<BeginInvokeAction>b__1(IAsyncResult asyncResult)
   at System.Web.Mvc.Async.AsyncControllerActionInvoker.EndInvokeAction(IAsyncResult asyncResult)
   at System.Web.Mvc.Controller.<>c.<BeginExecuteCore>b__152_1(IAsyncResult asyncResult, ExecuteCoreState innerState)
   at System.Web.Mvc.Async.AsyncResultWrapper.WrappedAsyncVoid`1.CallEndDelegate(IAsyncResult asyncResult)
   at System.Web.Mvc.Controller.EndExecuteCore(IAsyncResult asyncResult)
   at System.Web.Mvc.Async.AsyncResultWrapper.WrappedAsyncVoid`1.CallEndDelegate(IAsyncResult asyncResult)
   at System.Web.Mvc.Controller.EndExecute(IAsyncResult asyncResult)
   at System.Web.Mvc.MvcHandler.<>c.<BeginProcessRequest>b__20_1(IAsyncResult asyncResult, ProcessRequestState innerState)
   at System.Web.Mvc.Async.AsyncResultWrapper.WrappedAsyncVoid`1.CallEndDelegate(IAsyncResult asyncResult)
   at System.Web.Mvc.MvcHandler.EndProcessRequest(IAsyncResult asyncResult)
   at System.Web.HttpApplication.CallHandlerExecutionStep.System.Web.HttpApplication.IExecutionStep.Execute()
   at System.Web.HttpApplication.ExecuteStepImpl(IExecutionStep step)
   at System.Web.HttpApplication.ExecuteStep(IExecutionStep step, Boolean& completedSynchronously)
2022/10/10 01:04:16
System.IO.DirectoryNotFoundException: Could not find a part of the path 'C:\Project\HomeNet\MessageCenter\MasterWeb\logs\YoxiOrder'.
   at System.IO.__Error.WinIOError(Int32 errorCode, String maybeFullPath)
   at System.IO.FileSystemEnumerableIterator`1.CommonInit()
   at System.IO.FileSystemEnumerableIterator`1..ctor(String path, String originalUserPath, String searchPattern, SearchOption searchOption, SearchResultHandler`1 resultHandler, Boolean checkHost)
   at System.IO.Directory.GetFiles(String path, String searchPattern)
   at WebHome.DataPort.YoxiAgent.GetTripOrderList() in C:\Project\HomeNet\MessageCenter\MasterWeb\DataPort\YoxiAgent.cs:line 167
   at WebHome.Controllers.YoxiAgentController.DispatchQueryIndex(YoxiAgentViewModel viewModel) in C:\Project\HomeNet\MessageCenter\MasterWeb\Controllers\YoxiAgentController.cs:line 211
   at lambda_method(Closure , ControllerBase , Object[] )
   at System.Web.Mvc.ControllerActionInvoker.InvokeActionMethod(ControllerContext controllerContext, ActionDescriptor actionDescriptor, IDictionary`2 parameters)
   at System.Web.Mvc.Async.AsyncControllerActionInvoker.<>c.<BeginInvokeSynchronousActionMethod>b__9_0(IAsyncResult asyncResult, ActionInvocation innerInvokeState)
   at System.Web.Mvc.Async.AsyncResultWrapper.WrappedAsyncResult`2.CallEndDelegate(IAsyncResult asyncResult)
   at System.Web.Mvc.Async.AsyncControllerActionInvoker.EndInvokeActionMethod(IAsyncResult asyncResult)
   at System.Web.Mvc.Async.AsyncControllerActionInvoker.AsyncInvocationWithFilters.<>c__DisplayClass11_0.<InvokeActionMethodFilterAsynchronouslyRecursive>b__0()
   at System.Web.Mvc.Async.AsyncControllerActionInvoker.AsyncInvocationWithFilters.<>c__DisplayClass11_2.<InvokeActionMethodFilterAsynchronouslyRecursive>b__2()
   at System.Web.Mvc.Async.AsyncControllerActionInvoker.EndInvokeActionMethodWithFilters(IAsyncResult asyncResult)
   at System.Web.Mvc.Async.AsyncControllerActionInvoker.<>c__DisplayClass3_6.<BeginInvokeAction>b__4()
   at System.Web.Mvc.Async.AsyncControllerActionInvoker.<>c__DisplayClass3_1.<BeginInvokeAction>b__1(IAsyncResult asyncResult)
   at System.Web.Mvc.Async.AsyncControllerActionInvoker.EndInvokeAction(IAsyncResult asyncResult)
   at System.Web.Mvc.Controller.<>c.<BeginExecuteCore>b__152_1(IAsyncResult asyncResult, ExecuteCoreState innerState)
   at System.Web.Mvc.Async.AsyncResultWrapper.WrappedAsyncVoid`1.CallEndDelegate(IAsyncResult asyncResult)
   at System.Web.Mvc.Controller.EndExecuteCore(IAsyncResult asyncResult)
   at System.Web.Mvc.Async.AsyncResultWrapper.WrappedAsyncVoid`1.CallEndDelegate(IAsyncResult asyncResult)
   at System.Web.Mvc.Controller.EndExecute(IAsyncResult asyncResult)
   at System.Web.Mvc.MvcHandler.<>c.<BeginProcessRequest>b__20_1(IAsyncResult asyncResult, ProcessRequestState innerState)
   at System.Web.Mvc.Async.AsyncResultWrapper.WrappedAsyncVoid`1.CallEndDelegate(IAsyncResult asyncResult)
   at System.Web.Mvc.MvcHandler.EndProcessRequest(IAsyncResult asyncResult)
   at System.Web.HttpApplication.CallHandlerExecutionStep.System.Web.HttpApplication.IExecutionStep.Execute()
   at System.Web.HttpApplication.ExecuteStepImpl(IExecutionStep step)
   at System.Web.HttpApplication.ExecuteStep(IExecutionStep step, Boolean& completedSynchronously)
2022/10/10 20:26:08
MySql.Data.MySqlClient.MySqlException (0x80004005): Unable to connect to any of the specified MySQL hosts. ---> System.Threading.ThreadAbortException: Thread was being aborted.
   at System.Threading.Monitor.ObjWait(Boolean exitContext, Int32 millisecondsTimeout, Object obj)
   at System.Threading.ManualResetEventSlim.Wait(Int32 millisecondsTimeout, CancellationToken cancellationToken)
   at System.Threading.Tasks.Task.SpinThenBlockingWait(Int32 millisecondsTimeout, CancellationToken cancellationToken)
   at System.Threading.Tasks.Task.InternalWait(Int32 millisecondsTimeout, CancellationToken cancellationToken)
   at System.Threading.Tasks.Task.Wait(Int32 millisecondsTimeout, CancellationToken cancellationToken)
   at MySql.Data.Common.StreamCreator.GetTcpStream(MySqlConnectionStringBuilder settings)
   at MySql.Data.MySqlClient.NativeDriver.Open()
   at MySql.Data.MySqlClient.NativeDriver.Open()
   at MySql.Data.MySqlClient.Driver.Open()
   at MySql.Data.MySqlClient.Driver.Create(MySqlConnectionStringBuilder settings)
   at MySql.Data.MySqlClient.MySqlPool.CreateNewPooledConnection()
   at MySql.Data.MySqlClient.MySqlPool.GetPooledConnection()
   at MySql.Data.MySqlClient.MySqlPool.TryToGetDriver()
   at MySql.Data.MySqlClient.MySqlPool.GetConnection()
   at MySql.Data.MySqlClient.MySqlConnection.Open()
   at LinqToDB.Data.DataConnection.EnsureConnection() in C:\projects\linq2db\Source\LinqToDB\Data\DataConnection.cs:line 980
   at LinqToDB.Data.DataConnection.CreateCommand() in C:\projects\linq2db\Source\LinqToDB\Data\DataConnection.cs:line 1111
   at LinqToDB.Data.DataConnection.get_Command() in C:\projects\linq2db\Source\LinqToDB\Data\DataConnection.cs:line 1102
   at LinqToDB.Data.DataConnection.QueryRunner.AddParameter(DataConnection dataConnection, ICollection`1 parms, String name, SqlParameter parm) in C:\projects\linq2db\Source\LinqToDB\Data\DataConnection.QueryRunner.cs:line 244
   at LinqToDB.Data.DataConnection.QueryRunner.GetParameters(DataConnection dataConnection, IQueryContext query, PreparedQuery pq) in C:\projects\linq2db\Source\LinqToDB\Data\DataConnection.QueryRunner.cs:line 235
   at LinqToDB.Data.DataConnection.QueryRunner.SetQuery() in C:\projects\linq2db\Source\LinqToDB\Data\DataConnection.QueryRunner.cs:line 281
   at LinqToDB.Linq.QueryRunnerBase.SetCommand(Boolean clearQueryHints) in C:\projects\linq2db\Source\LinqToDB\Linq\QueryRunnerBase.cs:line 69
   at LinqToDB.Data.DataConnection.QueryRunner.ExecuteReader() in C:\projects\linq2db\Source\LinqToDB\Data\DataConnection.QueryRunner.cs:line 454
   at LinqToDB.Linq.QueryRunner.<ExecuteQuery>d__10`1.MoveNext() in C:\projects\linq2db\Source\LinqToDB\Linq\QueryRunner.cs:line 344
   at System.Linq.Buffer`1..ctor(IEnumerable`1 source)
   at System.Linq.Enumerable.ToArray[TSource](IEnumerable`1 source)
   at WebHome.Helper.Jobs.DeviceEventDispatcher.checkDeviceEvent() in C:\Project\HomeNet\MessageCenter\MasterWeb\Helper\Jobs\DeviceEventDispatcher.cs:line 70
   at WebHome.Helper.Jobs.DeviceEventDispatcher.DoJob() in C:\Project\HomeNet\MessageCenter\MasterWeb\Helper\Jobs\DeviceEventDispatcher.cs:line 35
2022/10/10 20:26:09
System.Threading.ThreadAbortException: Thread was being aborted.
   at WebHome.Helper.Jobs.DeviceEventDispatcher.DoJob() in C:\Project\HomeNet\MessageCenter\MasterWeb\Helper\Jobs\DeviceEventDispatcher.cs:line 36
   at CommonLib.Helper.JobScheduler.doJob(JobItem item, Boolean nextSchedule) in C:\Project\HomeNet\MessageCenter\CommonLib\Helper\JobScheduler.cs:line 104
   at CommonLib.Helper.JobScheduler.run(Object state) in C:\Project\HomeNet\MessageCenter\CommonLib\Helper\JobScheduler.cs:line 69
