2017/04/20 17:53:34
System.Threading.ThreadAbortException: 執行緒已經中止。
   於 System.Net.ConnectStream.WriteHeaders(Boolean async)
   於 System.Net.HttpWebRequest.EndSubmitRequest()
   於 System.Net.HttpWebRequest.GetResponse()
   於 System.Web.Services.Protocols.WebClientProtocol.GetWebResponse(WebRequest request)
   於 System.Web.Services.Protocols.SoapHttpClientProtocol.Invoke(String methodName, Object[] parameters)
   於 WebHome.BA_Service.sr_BA_DeviceWebService.Set_Status(String prm_auth_code, String l1_device_type, String device_uri, String device_status, String device_status_value, DateTime status_date) 於 C:\Project\HomeNet\MessageCenter\MessageCenter\Web References\BA_Service\Reference.cs: 行 108
   於 WebHome.DataPort.MessageOutbound.UpdateDeviceStatus(LiveDevice item, String status) 於 C:\Project\HomeNet\MessageCenter\MessageCenter\DataPort\MessageOutbound.cs: 行 161
   於 WebHome.Helper.BusinessExtensionMethods.ReportDeviceStatus(alarm_zone deviceToCheck, ModelSource`1 mgr, Table`1 deviceTable, DeviceLevelDefinition status, Nullable`1 currentStatus) 於 C:\Project\HomeNet\MessageCenter\MessageCenter\Helper\BusinessExtensionMethods.cs: 行 141
   於 WebHome.Helper.BusinessExtensionMethods.reportStatus(dnakeDB db, ModelSource`1 mgr, Table`1 deviceTable, device item, DeviceLevelDefinition status, Nullable`1 currentStatus) 於 C:\Project\HomeNet\MessageCenter\MessageCenter\Helper\BusinessExtensionMethods.cs: 行 132
   於 WebHome.Helper.BusinessExtensionMethods.CheckDeviceAlive() 於 C:\Project\HomeNet\MessageCenter\MessageCenter\Helper\BusinessExtensionMethods.cs: 行 120
   於 WebHome.Helper.Jobs.AliveDeviceStatusDispatcher.DoJob() 於 C:\Project\HomeNet\MessageCenter\MessageCenter\Helper\Jobs\MessageAutoDispatcher.cs: 行 39
   於 CommonLib.Helper.JobScheduler.doJob(JobItem item, Boolean nextSchedule) 於 E:\Project\GitHub\beyond-fitness\CommonLib\Helper\JobScheduler.cs: 行 81
   於 CommonLib.Helper.JobScheduler.run(Object state) 於 E:\Project\GitHub\beyond-fitness\CommonLib\Helper\JobScheduler.cs: 行 55
2017/04/20 17:53:34
System.Threading.ThreadAbortException: 執行緒已經中止。
   於 System.Net.ConnectStream.WriteHeaders(Boolean async)
   於 System.Net.HttpWebRequest.EndSubmitRequest()
   於 System.Net.HttpWebRequest.GetResponse()
   於 System.Web.Services.Protocols.WebClientProtocol.GetWebResponse(WebRequest request)
   於 System.Web.Services.Protocols.SoapHttpClientProtocol.Invoke(String methodName, Object[] parameters)
   於 WebHome.BA_Service.sr_BA_DeviceWebService.Set_Status(String prm_auth_code, String l1_device_type, String device_uri, String device_status, String device_status_value, DateTime status_date) 於 C:\Project\HomeNet\MessageCenter\MessageCenter\Web References\BA_Service\Reference.cs: 行 108
   於 WebHome.DataPort.MessageOutbound.UpdateDeviceStatus(LiveDevice item, String status) 於 C:\Project\HomeNet\MessageCenter\MessageCenter\DataPort\MessageOutbound.cs: 行 161
   於 WebHome.Helper.BusinessExtensionMethods.ReportDeviceStatus(alarm_zone deviceToCheck, ModelSource`1 mgr, Table`1 deviceTable, DeviceLevelDefinition status, Nullable`1 currentStatus) 於 C:\Project\HomeNet\MessageCenter\MessageCenter\Helper\BusinessExtensionMethods.cs: 行 141
   於 WebHome.Helper.BusinessExtensionMethods.reportStatus(dnakeDB db, ModelSource`1 mgr, Table`1 deviceTable, device item, DeviceLevelDefinition status, Nullable`1 currentStatus) 於 C:\Project\HomeNet\MessageCenter\MessageCenter\Helper\BusinessExtensionMethods.cs: 行 132
   於 WebHome.Helper.BusinessExtensionMethods.CheckDeviceAlive() 於 C:\Project\HomeNet\MessageCenter\MessageCenter\Helper\BusinessExtensionMethods.cs: 行 120
   於 WebHome.Helper.Jobs.AliveDeviceStatusDispatcher.DoJob() 於 C:\Project\HomeNet\MessageCenter\MessageCenter\Helper\Jobs\MessageAutoDispatcher.cs: 行 39
   於 CommonLib.Helper.JobScheduler.doJob(JobItem item, Boolean nextSchedule) 於 E:\Project\GitHub\beyond-fitness\CommonLib\Helper\JobScheduler.cs: 行 81
   於 CommonLib.Helper.JobScheduler.run(Object state) 於 E:\Project\GitHub\beyond-fitness\CommonLib\Helper\JobScheduler.cs: 行 55
2017/04/20 17:53:34
System.Threading.ThreadAbortException: 執行緒已經中止。
   於 System.Net.ConnectStream.WriteHeaders(Boolean async)
   於 System.Net.HttpWebRequest.EndSubmitRequest()
   於 System.Net.HttpWebRequest.GetResponse()
   於 System.Web.Services.Protocols.WebClientProtocol.GetWebResponse(WebRequest request)
   於 System.Web.Services.Protocols.SoapHttpClientProtocol.Invoke(String methodName, Object[] parameters)
   於 WebHome.BA_Service.sr_BA_DeviceWebService.Set_Status(String prm_auth_code, String l1_device_type, String device_uri, String device_status, String device_status_value, DateTime status_date) 於 C:\Project\HomeNet\MessageCenter\MessageCenter\Web References\BA_Service\Reference.cs: 行 108
   於 WebHome.DataPort.MessageOutbound.UpdateDeviceStatus(LiveDevice item, String status) 於 C:\Project\HomeNet\MessageCenter\MessageCenter\DataPort\MessageOutbound.cs: 行 161
   於 WebHome.Helper.BusinessExtensionMethods.ReportDeviceStatus(alarm_zone deviceToCheck, ModelSource`1 mgr, Table`1 deviceTable, DeviceLevelDefinition status, Nullable`1 currentStatus) 於 C:\Project\HomeNet\MessageCenter\MessageCenter\Helper\BusinessExtensionMethods.cs: 行 141
   於 WebHome.Helper.BusinessExtensionMethods.reportStatus(dnakeDB db, ModelSource`1 mgr, Table`1 deviceTable, device item, DeviceLevelDefinition status, Nullable`1 currentStatus) 於 C:\Project\HomeNet\MessageCenter\MessageCenter\Helper\BusinessExtensionMethods.cs: 行 132
   於 WebHome.Helper.BusinessExtensionMethods.CheckDeviceAlive() 於 C:\Project\HomeNet\MessageCenter\MessageCenter\Helper\BusinessExtensionMethods.cs: 行 120
   於 WebHome.Helper.Jobs.AliveDeviceStatusDispatcher.DoJob() 於 C:\Project\HomeNet\MessageCenter\MessageCenter\Helper\Jobs\MessageAutoDispatcher.cs: 行 39
   於 CommonLib.Helper.JobScheduler.doJob(JobItem item, Boolean nextSchedule) 於 E:\Project\GitHub\beyond-fitness\CommonLib\Helper\JobScheduler.cs: 行 81
   於 CommonLib.Helper.JobScheduler.run(Object state) 於 E:\Project\GitHub\beyond-fitness\CommonLib\Helper\JobScheduler.cs: 行 55
2017/04/20 17:53:34
System.Threading.ThreadAbortException: 執行緒已經中止。
   於 System.Net.ConnectStream.WriteHeaders(Boolean async)
   於 System.Net.HttpWebRequest.EndSubmitRequest()
   於 System.Net.HttpWebRequest.GetResponse()
   於 System.Web.Services.Protocols.WebClientProtocol.GetWebResponse(WebRequest request)
   於 System.Web.Services.Protocols.SoapHttpClientProtocol.Invoke(String methodName, Object[] parameters)
   於 WebHome.BA_Service.sr_BA_DeviceWebService.Set_Status(String prm_auth_code, String l1_device_type, String device_uri, String device_status, String device_status_value, DateTime status_date) 於 C:\Project\HomeNet\MessageCenter\MessageCenter\Web References\BA_Service\Reference.cs: 行 108
   於 WebHome.DataPort.MessageOutbound.UpdateDeviceStatus(LiveDevice item, String status) 於 C:\Project\HomeNet\MessageCenter\MessageCenter\DataPort\MessageOutbound.cs: 行 161
   於 WebHome.Helper.BusinessExtensionMethods.ReportDeviceStatus(alarm_zone deviceToCheck, ModelSource`1 mgr, Table`1 deviceTable, DeviceLevelDefinition status, Nullable`1 currentStatus) 於 C:\Project\HomeNet\MessageCenter\MessageCenter\Helper\BusinessExtensionMethods.cs: 行 141
   於 WebHome.Helper.BusinessExtensionMethods.reportStatus(dnakeDB db, ModelSource`1 mgr, Table`1 deviceTable, device item, DeviceLevelDefinition status, Nullable`1 currentStatus) 於 C:\Project\HomeNet\MessageCenter\MessageCenter\Helper\BusinessExtensionMethods.cs: 行 132
   於 WebHome.Helper.BusinessExtensionMethods.CheckDeviceAlive() 於 C:\Project\HomeNet\MessageCenter\MessageCenter\Helper\BusinessExtensionMethods.cs: 行 120
   於 WebHome.Helper.Jobs.AliveDeviceStatusDispatcher.DoJob() 於 C:\Project\HomeNet\MessageCenter\MessageCenter\Helper\Jobs\MessageAutoDispatcher.cs: 行 39
   於 CommonLib.Helper.JobScheduler.doJob(JobItem item, Boolean nextSchedule) 於 E:\Project\GitHub\beyond-fitness\CommonLib\Helper\JobScheduler.cs: 行 81
   於 CommonLib.Helper.JobScheduler.run(Object state) 於 E:\Project\GitHub\beyond-fitness\CommonLib\Helper\JobScheduler.cs: 行 55
2017/04/20 17:53:34
System.Threading.ThreadAbortException: 執行緒已經中止。
   於 System.Net.ConnectStream.WriteHeaders(Boolean async)
   於 System.Net.HttpWebRequest.EndSubmitRequest()
   於 System.Net.HttpWebRequest.GetResponse()
   於 System.Web.Services.Protocols.WebClientProtocol.GetWebResponse(WebRequest request)
   於 System.Web.Services.Protocols.SoapHttpClientProtocol.Invoke(String methodName, Object[] parameters)
   於 WebHome.BA_Service.sr_BA_DeviceWebService.Set_Status(String prm_auth_code, String l1_device_type, String device_uri, String device_status, String device_status_value, DateTime status_date) 於 C:\Project\HomeNet\MessageCenter\MessageCenter\Web References\BA_Service\Reference.cs: 行 108
   於 WebHome.DataPort.MessageOutbound.UpdateDeviceStatus(LiveDevice item, String status) 於 C:\Project\HomeNet\MessageCenter\MessageCenter\DataPort\MessageOutbound.cs: 行 161
   於 WebHome.Helper.BusinessExtensionMethods.ReportDeviceStatus(alarm_zone deviceToCheck, ModelSource`1 mgr, Table`1 deviceTable, DeviceLevelDefinition status, Nullable`1 currentStatus) 於 C:\Project\HomeNet\MessageCenter\MessageCenter\Helper\BusinessExtensionMethods.cs: 行 141
   於 WebHome.Helper.BusinessExtensionMethods.reportStatus(dnakeDB db, ModelSource`1 mgr, Table`1 deviceTable, device item, DeviceLevelDefinition status, Nullable`1 currentStatus) 於 C:\Project\HomeNet\MessageCenter\MessageCenter\Helper\BusinessExtensionMethods.cs: 行 132
   於 WebHome.Helper.BusinessExtensionMethods.CheckDeviceAlive() 於 C:\Project\HomeNet\MessageCenter\MessageCenter\Helper\BusinessExtensionMethods.cs: 行 120
   於 WebHome.Helper.Jobs.AliveDeviceStatusDispatcher.DoJob() 於 C:\Project\HomeNet\MessageCenter\MessageCenter\Helper\Jobs\MessageAutoDispatcher.cs: 行 39
   於 CommonLib.Helper.JobScheduler.doJob(JobItem item, Boolean nextSchedule) 於 E:\Project\GitHub\beyond-fitness\CommonLib\Helper\JobScheduler.cs: 行 81
   於 CommonLib.Helper.JobScheduler.run(Object state) 於 E:\Project\GitHub\beyond-fitness\CommonLib\Helper\JobScheduler.cs: 行 55
2017/04/20 17:53:34
System.Threading.ThreadAbortException: 執行緒已經中止。
   於 System.Net.ConnectStream.WriteHeaders(Boolean async)
   於 System.Net.HttpWebRequest.EndSubmitRequest()
   於 System.Net.HttpWebRequest.GetResponse()
   於 System.Web.Services.Protocols.WebClientProtocol.GetWebResponse(WebRequest request)
   於 System.Web.Services.Protocols.SoapHttpClientProtocol.Invoke(String methodName, Object[] parameters)
   於 WebHome.BA_Service.sr_BA_DeviceWebService.Set_Status(String prm_auth_code, String l1_device_type, String device_uri, String device_status, String device_status_value, DateTime status_date) 於 C:\Project\HomeNet\MessageCenter\MessageCenter\Web References\BA_Service\Reference.cs: 行 108
   於 WebHome.DataPort.MessageOutbound.UpdateDeviceStatus(LiveDevice item, String status) 於 C:\Project\HomeNet\MessageCenter\MessageCenter\DataPort\MessageOutbound.cs: 行 161
   於 WebHome.Helper.BusinessExtensionMethods.ReportDeviceStatus(alarm_zone deviceToCheck, ModelSource`1 mgr, Table`1 deviceTable, DeviceLevelDefinition status, Nullable`1 currentStatus) 於 C:\Project\HomeNet\MessageCenter\MessageCenter\Helper\BusinessExtensionMethods.cs: 行 141
   於 WebHome.Helper.BusinessExtensionMethods.reportStatus(dnakeDB db, ModelSource`1 mgr, Table`1 deviceTable, device item, DeviceLevelDefinition status, Nullable`1 currentStatus) 於 C:\Project\HomeNet\MessageCenter\MessageCenter\Helper\BusinessExtensionMethods.cs: 行 132
   於 WebHome.Helper.BusinessExtensionMethods.CheckDeviceAlive() 於 C:\Project\HomeNet\MessageCenter\MessageCenter\Helper\BusinessExtensionMethods.cs: 行 120
   於 WebHome.Helper.Jobs.AliveDeviceStatusDispatcher.DoJob() 於 C:\Project\HomeNet\MessageCenter\MessageCenter\Helper\Jobs\MessageAutoDispatcher.cs: 行 39
   於 CommonLib.Helper.JobScheduler.doJob(JobItem item, Boolean nextSchedule) 於 E:\Project\GitHub\beyond-fitness\CommonLib\Helper\JobScheduler.cs: 行 81
   於 CommonLib.Helper.JobScheduler.run(Object state) 於 E:\Project\GitHub\beyond-fitness\CommonLib\Helper\JobScheduler.cs: 行 55
2017/04/20 17:53:34
System.Threading.ThreadAbortException: 執行緒已經中止。
   於 System.Net.ConnectStream.WriteHeaders(Boolean async)
   於 System.Net.HttpWebRequest.EndSubmitRequest()
   於 System.Net.HttpWebRequest.GetResponse()
   於 System.Web.Services.Protocols.WebClientProtocol.GetWebResponse(WebRequest request)
   於 System.Web.Services.Protocols.SoapHttpClientProtocol.Invoke(String methodName, Object[] parameters)
   於 WebHome.BA_Service.sr_BA_DeviceWebService.Set_Status(String prm_auth_code, String l1_device_type, String device_uri, String device_status, String device_status_value, DateTime status_date) 於 C:\Project\HomeNet\MessageCenter\MessageCenter\Web References\BA_Service\Reference.cs: 行 108
   於 WebHome.DataPort.MessageOutbound.UpdateDeviceStatus(LiveDevice item, String status) 於 C:\Project\HomeNet\MessageCenter\MessageCenter\DataPort\MessageOutbound.cs: 行 161
   於 WebHome.Helper.BusinessExtensionMethods.ReportDeviceStatus(alarm_zone deviceToCheck, ModelSource`1 mgr, Table`1 deviceTable, DeviceLevelDefinition status, Nullable`1 currentStatus) 於 C:\Project\HomeNet\MessageCenter\MessageCenter\Helper\BusinessExtensionMethods.cs: 行 141
   於 WebHome.Helper.BusinessExtensionMethods.reportStatus(dnakeDB db, ModelSource`1 mgr, Table`1 deviceTable, device item, DeviceLevelDefinition status, Nullable`1 currentStatus) 於 C:\Project\HomeNet\MessageCenter\MessageCenter\Helper\BusinessExtensionMethods.cs: 行 132
   於 WebHome.Helper.BusinessExtensionMethods.CheckDeviceAlive() 於 C:\Project\HomeNet\MessageCenter\MessageCenter\Helper\BusinessExtensionMethods.cs: 行 120
   於 WebHome.Helper.Jobs.AliveDeviceStatusDispatcher.DoJob() 於 C:\Project\HomeNet\MessageCenter\MessageCenter\Helper\Jobs\MessageAutoDispatcher.cs: 行 39
   於 CommonLib.Helper.JobScheduler.doJob(JobItem item, Boolean nextSchedule) 於 E:\Project\GitHub\beyond-fitness\CommonLib\Helper\JobScheduler.cs: 行 81
   於 CommonLib.Helper.JobScheduler.run(Object state) 於 E:\Project\GitHub\beyond-fitness\CommonLib\Helper\JobScheduler.cs: 行 55
